<?xml version="1.0" encoding="UTF-8"?>
<!-- Generated by org.testng.reporters.JUnitXMLReporter -->
<testsuite ignored="0" hostname="NYMCHNCPU315" failures="2" tests="19" name="Test" time="634.469" errors="0" timestamp="2023-05-17T12:53:17 IST">
  <testcase classname="Bank_Module_Generation.Pop_Up_Fail" name="tc8_pop_UP_Message_of_file_status_Fail" time="40.838"/>
  <testcase classname="Bank_Module_Generation.bank_module_suite" name="tc1_Login_Screen" time="12.372"/>
  <testcase classname="Bank_Module_Generation.bank_module_suite" name="tc2_Select_Bank_module_Widget" time="10.911"/>
  <testcase classname="Bank_Module_Generation.bank_module_suite" name="tc3_Selecting_the_Required_details_of_CCBU_PG" time="8.975"/>
  <testcase classname="Bank_Module_Generation.bank_module_suite" name="tc4_Clicking_the_generateICON" time="0.185"/>
  <testcase classname="Bank_Module_Generation.bank_module_suite" name="tc5_Tick_to_generate_the_bank_file" time="1.313"/>
  <testcase classname="Bank_Module_Generation.bank_module_suite" name="tc6_Generate_the_bank_file" time="0.194"/>
  <testcase classname="Bank_Module_Generation.bank_module_suite" name="tc7_pop_UP_Message_of_file_status_Pass" time="10.154"/>
  <testcase classname="Bank_Module_Generation.bank_module_suite" name="tc9_Generate_The_Bank_Advice_And_Summary" time="1.199"/>
  <testcase classname="Bank_Module_Generation.bank_module_suite" name="tc10_Getting_pop_up_message" time="6.567"/>
  <testcase classname="N_Drive_Download.N_Drive_suite" name="tc1_Login_Screen" time="6.284"/>
  <testcase classname="N_Drive_Download.N_Drive_suite" name="tc2_Select_Widget" time="4.216"/>
  <testcase classname="N_Drive_Download.N_Drive_suite" name="tc3_Selecting_the_required_details" time="11.091"/>
  <testcase classname="N_Drive_Download.N_Drive_suite" name="tc4_Selecting_the_Categories" time="12.387"/>
  <testcase classname="N_Drive_Download.N_Drive_suite" name="tc5_To_Fetch_the_file" time="51.307"/>
  <testcase classname="N_Drive_Download.N_Drive_suite" name="tc6_Download_check" time="2.755"/>
  <testcase classname="N_Drive_Download.Bank_File" name="tc7_Download_File_Bank_File" time="94.793"/>
  <testcase classname="N_Drive_Download.Bank_Advice" name="tc8_Download_File_Bank_Advice" time="38.354">
    <failure type="java.lang.AssertionError" message="expected [17-May-2023] but found [05-May-2023]">
      <![CDATA[java.lang.AssertionError: expected [17-May-2023] but found [05-May-2023]
at custom_utilities.pages_N_drive.N_Drive_page.Date_Time_Check(N_Drive_page.java:1205)
at N_Drive_Download.Bank_Advice.tc8_Download_File_Bank_Advice(Bank_Advice.java:126)
at java.base/java.util.ArrayList.forEach(ArrayList.java:1541)
... Removed 32 stack frames]]>
    </failure>
  </testcase> <!-- tc8_Download_File_Bank_Advice -->
  <testcase classname="N_Drive_Download.Bank_File_Summary" name="tc9_Download_File_Bank_Summary" time="293.226">
    <failure type="java.lang.AssertionError" message="expected [17-May-2023] but found [05-May-2023]">
      <![CDATA[java.lang.AssertionError: expected [17-May-2023] but found [05-May-2023]
at custom_utilities.pages_N_drive.N_Drive_page.Date_Time_Check(N_Drive_page.java:1205)
at N_Drive_Download.Bank_File_Summary.tc9_Download_File_Bank_Summary(Bank_File_Summary.java:128)
at java.base/java.util.ArrayList.forEach(ArrayList.java:1541)
... Removed 32 stack frames]]>
    </failure>
  </testcase> <!-- tc9_Download_File_Bank_Summary -->
</testsuite> <!-- Test -->
